<?xml version="1.0" encoding="UTF-8"?>
<!-- Generated by org.testng.reporters.JUnitXMLReporter -->
<testsuite ignored="0" hostname="DellLap" failures="0" tests="10" name="Test" time="16.558" errors="0" timestamp="2024-07-27T19:09:16 IST">
  <testcase classname="api.testcases.TestCases" name="testCreateUser" time="3.038"/>
  <testcase classname="api.testcases.TestCases" name="testGetUser" time="1.127"/>
  <testcase classname="api.testcases.TestCases" name="testUpdateUser" time="2.264"/>
  <testcase classname="api.testcases.TestCases" name="testDeleteUser" time="1.072"/>
  <testcase classname="api.testcases.DataDriverUser" name="testCreateUser" time="1.19"/>
  <testcase classname="api.testcases.DataDriverUser" name="testCreateUser" time="1.099"/>
  <testcase classname="api.testcases.DataDriverUser" name="testCreateUser" time="1.096"/>
  <testcase classname="api.testcases.DataDriverUser" name="testDeleteUser" time="1.092"/>
  <testcase classname="api.testcases.DataDriverUser" name="testDeleteUser" time="1.094"/>
  <testcase classname="api.testcases.DataDriverUser" name="testDeleteUser" time="1.161"/>
</testsuite> <!-- Test -->
