<?xml version="1.0" encoding="UTF-8"?>
<!-- Generated by org.testng.reporters.JUnitXMLReporter -->
<testsuite ignored="0" hostname="DellLap" failures="0" tests="10" name="Test" time="16.633" errors="0" timestamp="2024-07-27T19:30:09 IST">
  <testcase classname="api.testcases.TestCases" name="testCreateUser" time="3.045"/>
  <testcase classname="api.testcases.TestCases" name="testGetUser" time="1.093"/>
  <testcase classname="api.testcases.TestCases" name="testUpdateUser" time="2.289"/>
  <testcase classname="api.testcases.TestCases" name="testDeleteUser" time="1.107"/>
  <testcase classname="api.testcases.DataDriverUser" name="testCreateUser" time="1.155"/>
  <testcase classname="api.testcases.DataDriverUser" name="testCreateUser" time="1.128"/>
  <testcase classname="api.testcases.DataDriverUser" name="testCreateUser" time="1.124"/>
  <testcase classname="api.testcases.DataDriverUser" name="testDeleteUser" time="1.232"/>
  <testcase classname="api.testcases.DataDriverUser" name="testDeleteUser" time="1.144"/>
  <testcase classname="api.testcases.DataDriverUser" name="testDeleteUser" time="1.115"/>
</testsuite> <!-- Test -->
