<?xml version="1.0" encoding="UTF-8"?>
<!-- Generated by org.testng.reporters.JUnitXMLReporter -->
<testsuite ignored="0" hostname="DellLap" failures="0" tests="10" name="Test" time="15.9" errors="0" timestamp="2024-08-01T17:23:29 IST">
  <testcase classname="api.testcases.TestCases" name="testCreateUser" time="2.7"/>
  <testcase classname="api.testcases.TestCases" name="testGetUser" time="1.127"/>
  <testcase classname="api.testcases.TestCases" name="testUpdateUser" time="2.291"/>
  <testcase classname="api.testcases.TestCases" name="testDeleteUser" time="1.11"/>
  <testcase classname="api.testcases.DataDriverUser" name="testCreateUser" time="1.094"/>
  <testcase classname="api.testcases.DataDriverUser" name="testCreateUser" time="1.125"/>
  <testcase classname="api.testcases.DataDriverUser" name="testCreateUser" time="1.114"/>
  <testcase classname="api.testcases.DataDriverUser" name="testDeleteUser" time="1.081"/>
  <testcase classname="api.testcases.DataDriverUser" name="testDeleteUser" time="1.164"/>
  <testcase classname="api.testcases.DataDriverUser" name="testDeleteUser" time="1.108"/>
</testsuite> <!-- Test -->
