<?xml version="1.0" encoding="UTF-8"?>
<testsuite xmlns:xsi="http://www.w3.org/2001/XMLSchema-instance" xsi:noNamespaceSchemaLocation="https://maven.apache.org/surefire/maven-surefire-plugin/xsd/surefire-test-report.xsd" version="3.0.2" name="TestSuite" time="17.841" tests="10" errors="0" skipped="0" failures="0">
  <properties>
[...]
</properties>
  <testcase name="testCreateUser" classname="api.testcases.TestCases" time="3.06">
    <system-out><![CDATA[HTTP/1.1 200 OK
Date: Sat, 27 Jul 2024 13:59:54 GMT
Content-Type: application/json
Transfer-Encoding: chunked
Connection: keep-alive
Access-Control-Allow-Origin: *
Access-Control-Allow-Methods: GET, POST, DELETE, PUT
Access-Control-Allow-Headers: Content-Type, api_key, Authorization
Server: Jetty(9.2.9.v20150224)

{
    "code": 200,
    "type": "unknown",
    "message": "1404565079"
}
]]></system-out>
    <system-err><![CDATA[SLF4J: Failed to load class "org.slf4j.impl.StaticLoggerBinder".
SLF4J: Defaulting to no-operation (NOP) logger implementation
SLF4J: See http://www.slf4j.org/codes.html#StaticLoggerBinder for further details.
]]></system-err>
  </testcase>
  <testcase name="testGetUser" classname="api.testcases.TestCases" time="1.092">
    <system-out><![CDATA[Read User Data.
HTTP/1.1 200 OK
Date: Sat, 27 Jul 2024 13:59:55 GMT
Content-Type: application/json
Transfer-Encoding: chunked
Connection: keep-alive
Access-Control-Allow-Origin: *
Access-Control-Allow-Methods: GET, POST, DELETE, PUT
Access-Control-Allow-Headers: Content-Type, api_key, Authorization
Server: Jetty(9.2.9.v20150224)

{
    "id": 1404565079,
    "username": "elijah.klein",
    "firstName": "Ira",
    "lastName": "Schiller",
    "email": "elfrieda.considine@example.com",
    "password": "4i5c7wye",
    "phone": "613.880.4074",
    "userStatus": 0
}
]]></system-out>
  </testcase>
  <testcase name="testUpdateUser" classname="api.testcases.TestCases" time="2.287">
    <system-out><![CDATA[Update User Data.
HTTP/1.1 200 OK
Date: Sat, 27 Jul 2024 13:59:56 GMT
Content-Type: application/json
Transfer-Encoding: chunked
Connection: keep-alive
Access-Control-Allow-Origin: *
Access-Control-Allow-Methods: GET, POST, DELETE, PUT
Access-Control-Allow-Headers: Content-Type, api_key, Authorization
Server: Jetty(9.2.9.v20150224)

{
    "code": 200,
    "type": "unknown",
    "message": "1404565079"
}
After Update User Data.
HTTP/1.1 200 OK
Date: Sat, 27 Jul 2024 13:59:57 GMT
Content-Type: application/json
Transfer-Encoding: chunked
Connection: keep-alive
Access-Control-Allow-Origin: *
Access-Control-Allow-Methods: GET, POST, DELETE, PUT
Access-Control-Allow-Headers: Content-Type, api_key, Authorization
Server: Jetty(9.2.9.v20150224)

{
    "id": 1404565079,
    "username": "elijah.klein",
    "firstName": "Noella",
    "lastName": "Schiller",
    "email": "elfrieda.considine@example.com",
    "password": "4i5c7wye",
    "phone": "613.880.4074",
    "userStatus": 0
}
]]></system-out>
  </testcase>
  <testcase name="testDeleteUser" classname="api.testcases.TestCases" time="1.112">
    <system-out><![CDATA[Delete User Data.
HTTP/1.1 200 OK
Date: Sat, 27 Jul 2024 13:59:59 GMT
Content-Type: application/json
Transfer-Encoding: chunked
Connection: keep-alive
Access-Control-Allow-Origin: *
Access-Control-Allow-Methods: GET, POST, DELETE, PUT
Access-Control-Allow-Headers: Content-Type, api_key, Authorization
Server: Jetty(9.2.9.v20150224)

{
    "code": 200,
    "type": "unknown",
    "message": "elijah.klein"
}
]]></system-out>
  </testcase>
  <testcase name="testCreateUser[1010, testuser1, John, Kennedy, a@gmail.com, test@1, 123456789](1)" classname="api.testcases.DataDriverUser" time="1.156"/>
  <testcase name="testCreateUser[1020, testuser2, Ken, Kom, b@gmail.com, test@2, 147258369](2)" classname="api.testcases.DataDriverUser" time="1.13"/>
  <testcase name="testCreateUser[1030, testuser3, Smith, Steve, c@gmail.com, test@3, 369258147](3)" classname="api.testcases.DataDriverUser" time="1.126"/>
  <testcase name="testDeleteUser[testuser1](1)" classname="api.testcases.DataDriverUser" time="1.232"/>
  <testcase name="testDeleteUser[testuser2](2)" classname="api.testcases.DataDriverUser" time="1.145"/>
  <testcase name="testDeleteUser[testuser3](3)" classname="api.testcases.DataDriverUser" time="1.116"/>
</testsuite>